<?xml version="1.0" encoding="UTF-8"?>
<!-- Generated by org.testng.reporters.JUnitReportReporter -->
<testsuite hostname="DESKTOP-CTAH85S" failures="0" tests="1" name="com.TestClasses.LoginTest" time="1.561" errors="0" timestamp="2023-07-15T16:50:17 IST" skipped="0">
  <testcase classname="com.TestClasses.LoginTest" name="login" time="1.561"/>
  <system-out/>
</testsuite> <!-- com.TestClasses.LoginTest -->
